WARNING: A terminally deprecated method in sun.misc.Unsafe has been called
WARNING: sun.misc.Unsafe::staticFieldBase has been called by com.google.inject.internal.aop.HiddenClassDefiner (file:/opt/homebrew/Cellar/maven/3.9.11/libexec/lib/guice-5.1.0-classes.jar)
WARNING: Please consider reporting this to the maintainers of class com.google.inject.internal.aop.HiddenClassDefiner
WARNING: sun.misc.Unsafe::staticFieldBase will be removed in a future release
[INFO] Scanning for projects...
[INFO] 
[INFO] ----------------------< com.eds:catalog-service >-----------------------
[INFO] Building Catalog Service 1.0.0
[INFO]   from pom.xml
[INFO] --------------------------------[ jar ]---------------------------------
[INFO] 
[INFO] >>> spring-boot:3.2.0:run (default-cli) > test-compile @ catalog-service >>>
[INFO] 
[INFO] --- resources:3.3.1:resources (default-resources) @ catalog-service ---
[INFO] Copying 1 resource from src/main/resources to target/classes
[INFO] Copying 0 resource from src/main/resources to target/classes
[INFO] 
[INFO] --- compiler:3.11.0:compile (default-compile) @ catalog-service ---
[INFO] Nothing to compile - all classes are up to date
[INFO] 
[INFO] --- resources:3.3.1:testResources (default-testResources) @ catalog-service ---
[INFO] skip non existing resourceDirectory /Users/spartan/Desktop/CMPE 273 Project/eds-lite/catalog-service/src/test/resources
[INFO] 
[INFO] --- compiler:3.11.0:testCompile (default-testCompile) @ catalog-service ---
[INFO] No sources to compile
[INFO] 
[INFO] <<< spring-boot:3.2.0:run (default-cli) < test-compile @ catalog-service <<<
[INFO] 
[INFO] 
[INFO] --- spring-boot:3.2.0:run (default-cli) @ catalog-service ---
[INFO] Attaching agents: []

  .   ____          _            __ _ _
 /\\ / ___'_ __ _ _(_)_ __  __ _ \ \ \ \
( ( )\___ | '_ | '_| | '_ \/ _` | \ \ \ \
 \\/  ___)| |_)| | | | | || (_| |  ) ) ) )
  '  |____| .__|_| |_|_| |_\__, | / / / /
 =========|_|==============|___/=/_/_/_/
 :: Spring Boot ::                (v3.2.0)

2025-11-22T22:31:46.783-08:00  INFO 84884 --- [           main] c.eds.catalog.CatalogServiceApplication  : Starting CatalogServiceApplication using Java 25.0.1 with PID 84884 (/Users/spartan/Desktop/CMPE 273 Project/eds-lite/catalog-service/target/classes started by spartan in /Users/spartan/Desktop/CMPE 273 Project/eds-lite/catalog-service)
2025-11-22T22:31:46.784-08:00 DEBUG 84884 --- [           main] c.eds.catalog.CatalogServiceApplication  : Running with Spring Boot v3.2.0, Spring v6.1.1
2025-11-22T22:31:46.784-08:00  INFO 84884 --- [           main] c.eds.catalog.CatalogServiceApplication  : No active profile set, falling back to 1 default profile: "default"
2025-11-22T22:31:47.061-08:00  INFO 84884 --- [           main] .s.d.r.c.RepositoryConfigurationDelegate : Multiple Spring Data modules found, entering strict repository configuration mode
2025-11-22T22:31:47.061-08:00  INFO 84884 --- [           main] .s.d.r.c.RepositoryConfigurationDelegate : Bootstrapping Spring Data MongoDB repositories in DEFAULT mode.
2025-11-22T22:31:47.117-08:00  INFO 84884 --- [           main] .s.d.r.c.RepositoryConfigurationDelegate : Finished Spring Data repository scanning in 55 ms. Found 2 MongoDB repository interfaces.
2025-11-22T22:31:47.122-08:00  INFO 84884 --- [           main] .s.d.r.c.RepositoryConfigurationDelegate : Multiple Spring Data modules found, entering strict repository configuration mode
2025-11-22T22:31:47.122-08:00  INFO 84884 --- [           main] .s.d.r.c.RepositoryConfigurationDelegate : Bootstrapping Spring Data Redis repositories in DEFAULT mode.
2025-11-22T22:31:47.126-08:00  INFO 84884 --- [           main] .RepositoryConfigurationExtensionSupport : Spring Data Redis - Could not safely identify store assignment for repository candidate interface com.eds.catalog.repository.ProductRepository; If you want this repository to be a Redis repository, consider annotating your entities with one of these annotations: org.springframework.data.redis.core.RedisHash (preferred), or consider extending one of the following types with your repository: org.springframework.data.keyvalue.repository.KeyValueRepository
2025-11-22T22:31:47.126-08:00  INFO 84884 --- [           main] .RepositoryConfigurationExtensionSupport : Spring Data Redis - Could not safely identify store assignment for repository candidate interface com.eds.catalog.repository.ReviewRepository; If you want this repository to be a Redis repository, consider annotating your entities with one of these annotations: org.springframework.data.redis.core.RedisHash (preferred), or consider extending one of the following types with your repository: org.springframework.data.keyvalue.repository.KeyValueRepository
2025-11-22T22:31:47.126-08:00  INFO 84884 --- [           main] .s.d.r.c.RepositoryConfigurationDelegate : Finished Spring Data repository scanning in 2 ms. Found 0 Redis repository interfaces.
WARNING: A restricted method in java.lang.System has been called
WARNING: java.lang.System::load has been called by org.apache.tomcat.jni.Library in an unnamed module (file:/Users/spartan/.m2/repository/org/apache/tomcat/embed/tomcat-embed-core/10.1.16/tomcat-embed-core-10.1.16.jar)
WARNING: Use --enable-native-access=ALL-UNNAMED to avoid a warning for callers in this module
WARNING: Restricted methods will be blocked in a future release unless native access is enabled

2025-11-22T22:31:47.359-08:00  INFO 84884 --- [           main] o.s.b.w.embedded.tomcat.TomcatWebServer  : Tomcat initialized with port 8081 (http)
2025-11-22T22:31:47.362-08:00  INFO 84884 --- [           main] o.apache.catalina.core.StandardService   : Starting service [Tomcat]
2025-11-22T22:31:47.362-08:00  INFO 84884 --- [           main] o.apache.catalina.core.StandardEngine    : Starting Servlet engine: [Apache Tomcat/10.1.16]
2025-11-22T22:31:47.385-08:00  INFO 84884 --- [           main] o.a.c.c.C.[Tomcat].[localhost].[/]       : Initializing Spring embedded WebApplicationContext
2025-11-22T22:31:47.386-08:00  INFO 84884 --- [           main] w.s.c.ServletWebServerApplicationContext : Root WebApplicationContext: initialization completed in 586 ms
MetricsWriter: Initializing...
MetricsWriter: Created writer for /tmp/metrics/catalog.jsonl
MetricsWriter: Scheduled metrics writing every 5 seconds
WARNING: A terminally deprecated method in sun.misc.Unsafe has been called
WARNING: sun.misc.Unsafe::objectFieldOffset has been called by io.netty.util.internal.PlatformDependent0$4 (file:/Users/spartan/.m2/repository/io/netty/netty-common/4.1.101.Final/netty-common-4.1.101.Final.jar)
WARNING: Please consider reporting this to the maintainers of class io.netty.util.internal.PlatformDependent0$4
WARNING: sun.misc.Unsafe::objectFieldOffset will be removed in a future release
2025-11-22T22:31:47.602-08:00  INFO 84884 --- [           main] org.mongodb.driver.client                : MongoClient with metadata {"driver": {"name": "mongo-java-driver|sync|spring-boot", "version": "4.11.1"}, "os": {"type": "Darwin", "name": "Mac OS X", "architecture": "aarch64", "version": "15.7.1"}, "platform": "Java/Homebrew/25.0.1"} created with settings MongoClientSettings{readPreference=primary, writeConcern=WriteConcern{w=null, wTimeout=null ms, journal=null}, retryWrites=true, retryReads=true, readConcern=ReadConcern{level=null}, credential=null, transportSettings=null, streamFactoryFactory=null, commandListeners=[io.micrometer.core.instrument.binder.mongodb.MongoMetricsCommandListener@56872fcb], codecRegistry=ProvidersCodecRegistry{codecProviders=[ValueCodecProvider{}, BsonValueCodecProvider{}, DBRefCodecProvider{}, DBObjectCodecProvider{}, DocumentCodecProvider{}, CollectionCodecProvider{}, IterableCodecProvider{}, MapCodecProvider{}, GeoJsonCodecProvider{}, GridFSFileCodecProvider{}, Jsr310CodecProvider{}, JsonObjectCodecProvider{}, BsonCodecProvider{}, EnumCodecProvider{}, com.mongodb.client.model.mql.ExpressionCodecProvider@7b3c2ae0, com.mongodb.Jep395RecordCodecProvider@5d3b6585, com.mongodb.KotlinCodecProvider@41059616]}, loggerSettings=LoggerSettings{maxDocumentLength=1000}, clusterSettings={hosts=[localhost:27017], srvServiceName=mongodb, mode=SINGLE, requiredClusterType=UNKNOWN, requiredReplicaSetName='null', serverSelector='null', clusterListeners='[]', serverSelectionTimeout='30000 ms', localThreshold='15 ms'}, socketSettings=SocketSettings{connectTimeoutMS=10000, readTimeoutMS=0, receiveBufferSize=0, proxySettings=ProxySettings{host=null, port=null, username=null, password=null}}, heartbeatSocketSettings=SocketSettings{connectTimeoutMS=10000, readTimeoutMS=10000, receiveBufferSize=0, proxySettings=ProxySettings{host=null, port=null, username=null, password=null}}, connectionPoolSettings=ConnectionPoolSettings{maxSize=100, minSize=0, maxWaitTimeMS=120000, maxConnectionLifeTimeMS=0, maxConnectionIdleTimeMS=0, maintenanceInitialDelayMS=0, maintenanceFrequencyMS=60000, connectionPoolListeners=[io.micrometer.core.instrument.binder.mongodb.MongoMetricsConnectionPoolListener@2e93108a], maxConnecting=2}, serverSettings=ServerSettings{heartbeatFrequencyMS=10000, minHeartbeatFrequencyMS=500, serverListeners='[]', serverMonitorListeners='[]'}, sslSettings=SslSettings{enabled=false, invalidHostNameAllowed=false, context=null}, applicationName='null', compressorList=[], uuidRepresentation=JAVA_LEGACY, serverApi=null, autoEncryptionSettings=null, dnsClient=null, inetAddressResolver=null, contextProvider=null}
2025-11-22T22:31:47.616-08:00  INFO 84884 --- [localhost:27017] org.mongodb.driver.cluster               : Monitor thread successfully connected to server with description ServerDescription{address=localhost:27017, type=STANDALONE, state=CONNECTED, ok=true, minWireVersion=0, maxWireVersion=27, maxDocumentSize=16777216, logicalSessionTimeoutMinutes=30, roundTripTimeNanos=5490708}
2025-11-22T22:31:48.099-08:00  INFO 84884 --- [           main] o.s.b.a.e.web.EndpointLinksResolver      : Exposing 4 endpoint(s) beneath base path '/actuator'
2025-11-22T22:31:48.132-08:00  INFO 84884 --- [           main] o.s.b.w.embedded.tomcat.TomcatWebServer  : Tomcat started on port 8081 (http) with context path ''
2025-11-22T22:31:48.145-08:00  INFO 84884 --- [           main] o.a.k.clients.consumer.ConsumerConfig    : ConsumerConfig values: 
	allow.auto.create.topics = true
	auto.commit.interval.ms = 5000
	auto.include.jmx.reporter = true
	auto.offset.reset = earliest
	bootstrap.servers = [PLAINTEXT://localhost:9092]
	check.crcs = true
	client.dns.lookup = use_all_dns_ips
	client.id = consumer-cache-evictors-1
	client.rack = 
	connections.max.idle.ms = 540000
	default.api.timeout.ms = 60000
	enable.auto.commit = false
	exclude.internal.topics = true
	fetch.max.bytes = 52428800
	fetch.max.wait.ms = 500
	fetch.min.bytes = 1
	group.id = cache-evictors
	group.instance.id = null
	heartbeat.interval.ms = 3000
	interceptor.classes = []
	internal.leave.group.on.close = true
	internal.throw.on.fetch.stable.offset.unsupported = false
	isolation.level = read_uncommitted
	key.deserializer = class org.apache.kafka.common.serialization.StringDeserializer
	max.partition.fetch.bytes = 1048576
	max.poll.interval.ms = 300000
	max.poll.records = 500
	metadata.max.age.ms = 300000
	metric.reporters = []
	metrics.num.samples = 2
	metrics.recording.level = INFO
	metrics.sample.window.ms = 30000
	partition.assignment.strategy = [class org.apache.kafka.clients.consumer.RangeAssignor, class org.apache.kafka.clients.consumer.CooperativeStickyAssignor]
	receive.buffer.bytes = 65536
	reconnect.backoff.max.ms = 1000
	reconnect.backoff.ms = 50
	request.timeout.ms = 30000
	retry.backoff.ms = 100
	sasl.client.callback.handler.class = null
	sasl.jaas.config = null
	sasl.kerberos.kinit.cmd = /usr/bin/kinit
	sasl.kerberos.min.time.before.relogin = 60000
	sasl.kerberos.service.name = null
	sasl.kerberos.ticket.renew.jitter = 0.05
	sasl.kerberos.ticket.renew.window.factor = 0.8
	sasl.login.callback.handler.class = null
	sasl.login.class = null
	sasl.login.connect.timeout.ms = null
	sasl.login.read.timeout.ms = null
	sasl.login.refresh.buffer.seconds = 300
	sasl.login.refresh.min.period.seconds = 60
	sasl.login.refresh.window.factor = 0.8
	sasl.login.refresh.window.jitter = 0.05
	sasl.login.retry.backoff.max.ms = 10000
	sasl.login.retry.backoff.ms = 100
	sasl.mechanism = GSSAPI
	sasl.oauthbearer.clock.skew.seconds = 30
	sasl.oauthbearer.expected.audience = null
	sasl.oauthbearer.expected.issuer = null
	sasl.oauthbearer.jwks.endpoint.refresh.ms = 3600000
	sasl.oauthbearer.jwks.endpoint.retry.backoff.max.ms = 10000
	sasl.oauthbearer.jwks.endpoint.retry.backoff.ms = 100
	sasl.oauthbearer.jwks.endpoint.url = null
	sasl.oauthbearer.scope.claim.name = scope
	sasl.oauthbearer.sub.claim.name = sub
	sasl.oauthbearer.token.endpoint.url = null
	security.protocol = PLAINTEXT
	security.providers = null
	send.buffer.bytes = 131072
	session.timeout.ms = 45000
	socket.connection.setup.timeout.max.ms = 30000
	socket.connection.setup.timeout.ms = 10000
	ssl.cipher.suites = null
	ssl.enabled.protocols = [TLSv1.2, TLSv1.3]
	ssl.endpoint.identification.algorithm = https
	ssl.engine.factory.class = null
	ssl.key.password = null
	ssl.keymanager.algorithm = SunX509
	ssl.keystore.certificate.chain = null
	ssl.keystore.key = null
	ssl.keystore.location = null
	ssl.keystore.password = null
	ssl.keystore.type = JKS
	ssl.protocol = TLSv1.3
	ssl.provider = null
	ssl.secure.random.implementation = null
	ssl.trustmanager.algorithm = PKIX
	ssl.truststore.certificates = null
	ssl.truststore.location = null
	ssl.truststore.password = null
	ssl.truststore.type = JKS
	value.deserializer = class org.springframework.kafka.support.serializer.JsonDeserializer

2025-11-22T22:31:48.206-08:00  INFO 84884 --- [           main] o.a.kafka.common.utils.AppInfoParser     : Kafka version: 3.6.0
2025-11-22T22:31:48.207-08:00  INFO 84884 --- [           main] o.a.kafka.common.utils.AppInfoParser     : Kafka commitId: 60e845626d8a465a
2025-11-22T22:31:48.207-08:00  INFO 84884 --- [           main] o.a.kafka.common.utils.AppInfoParser     : Kafka startTimeMs: 1763879508206
2025-11-22T22:31:48.207-08:00  INFO 84884 --- [           main] fkaConsumerFactory$ExtendedKafkaConsumer : [Consumer clientId=consumer-cache-evictors-1, groupId=cache-evictors] Subscribed to topic(s): cache.invalidate
2025-11-22T22:31:48.214-08:00  INFO 84884 --- [           main] c.eds.catalog.CatalogServiceApplication  : Started CatalogServiceApplication in 1.539 seconds (process running for 1.642)
2025-11-22T22:31:48.312-08:00  INFO 84884 --- [ntainer#0-0-C-1] org.apache.kafka.clients.Metadata        : [Consumer clientId=consumer-cache-evictors-1, groupId=cache-evictors] Cluster ID: h2XtV5KjSnuBm92b3NYa3A
2025-11-22T22:31:48.313-08:00  INFO 84884 --- [ntainer#0-0-C-1] o.a.k.c.c.internals.ConsumerCoordinator  : [Consumer clientId=consumer-cache-evictors-1, groupId=cache-evictors] Discovered group coordinator localhost:9092 (id: 2147483646 rack: null)
2025-11-22T22:31:48.314-08:00  INFO 84884 --- [ntainer#0-0-C-1] o.a.k.c.c.internals.ConsumerCoordinator  : [Consumer clientId=consumer-cache-evictors-1, groupId=cache-evictors] (Re-)joining group
2025-11-22T22:31:48.320-08:00  INFO 84884 --- [ntainer#0-0-C-1] o.a.k.c.c.internals.ConsumerCoordinator  : [Consumer clientId=consumer-cache-evictors-1, groupId=cache-evictors] Request joining group due to: need to re-join with the given member-id: consumer-cache-evictors-1-7dab8f18-2202-4ead-b4d8-b3af40c0c3db
2025-11-22T22:31:48.320-08:00  INFO 84884 --- [ntainer#0-0-C-1] o.a.k.c.c.internals.ConsumerCoordinator  : [Consumer clientId=consumer-cache-evictors-1, groupId=cache-evictors] Request joining group due to: rebalance failed due to 'The group member needs to have a valid member id before actually entering a consumer group.' (MemberIdRequiredException)
2025-11-22T22:31:48.320-08:00  INFO 84884 --- [ntainer#0-0-C-1] o.a.k.c.c.internals.ConsumerCoordinator  : [Consumer clientId=consumer-cache-evictors-1, groupId=cache-evictors] (Re-)joining group
MetricsWriter: Wrote 100 measurements from 90 meters
MetricsWriter: Wrote 100 measurements from 90 meters
MetricsWriter: Wrote 100 measurements from 90 meters
MetricsWriter: Wrote 100 measurements from 90 meters
2025-11-22T22:32:09.925-08:00  INFO 84884 --- [ntainer#0-0-C-1] o.a.k.c.c.internals.ConsumerCoordinator  : [Consumer clientId=consumer-cache-evictors-1, groupId=cache-evictors] Successfully joined group with generation Generation{generationId=112, memberId='consumer-cache-evictors-1-7dab8f18-2202-4ead-b4d8-b3af40c0c3db', protocol='range'}
2025-11-22T22:32:09.935-08:00  INFO 84884 --- [ntainer#0-0-C-1] o.a.k.c.c.internals.ConsumerCoordinator  : [Consumer clientId=consumer-cache-evictors-1, groupId=cache-evictors] Finished assignment for group at generation 112: {consumer-cache-evictors-1-7dab8f18-2202-4ead-b4d8-b3af40c0c3db=Assignment(partitions=[cache.invalidate-0])}
2025-11-22T22:32:09.950-08:00  INFO 84884 --- [ntainer#0-0-C-1] o.a.k.c.c.internals.ConsumerCoordinator  : [Consumer clientId=consumer-cache-evictors-1, groupId=cache-evictors] Successfully synced group in generation Generation{generationId=112, memberId='consumer-cache-evictors-1-7dab8f18-2202-4ead-b4d8-b3af40c0c3db', protocol='range'}
2025-11-22T22:32:09.950-08:00  INFO 84884 --- [ntainer#0-0-C-1] o.a.k.c.c.internals.ConsumerCoordinator  : [Consumer clientId=consumer-cache-evictors-1, groupId=cache-evictors] Notifying assignor about the new Assignment(partitions=[cache.invalidate-0])
2025-11-22T22:32:09.951-08:00  INFO 84884 --- [ntainer#0-0-C-1] o.a.k.c.c.internals.ConsumerCoordinator  : [Consumer clientId=consumer-cache-evictors-1, groupId=cache-evictors] Adding newly assigned partitions: cache.invalidate-0
2025-11-22T22:32:09.957-08:00  INFO 84884 --- [ntainer#0-0-C-1] o.a.k.c.c.internals.ConsumerCoordinator  : [Consumer clientId=consumer-cache-evictors-1, groupId=cache-evictors] Setting offset for partition cache.invalidate-0 to the committed offset FetchPosition{offset=388992, offsetEpoch=Optional.empty, currentLeader=LeaderAndEpoch{leader=Optional[localhost:9092 (id: 1 rack: null)], epoch=14}}
2025-11-22T22:32:09.957-08:00  INFO 84884 --- [ntainer#0-0-C-1] o.s.k.l.KafkaMessageListenerContainer    : cache-evictors: partitions assigned: [cache.invalidate-0]
MetricsWriter: Wrote 100 measurements from 90 meters
MetricsWriter: Wrote 100 measurements from 90 meters
MetricsWriter: Wrote 100 measurements from 90 meters
MetricsWriter: Wrote 100 measurements from 90 meters
MetricsWriter: Wrote 100 measurements from 90 meters
MetricsWriter: Wrote 100 measurements from 90 meters
MetricsWriter: Wrote 100 measurements from 90 meters
MetricsWriter: Wrote 100 measurements from 90 meters
MetricsWriter: Wrote 100 measurements from 90 meters
MetricsWriter: Wrote 100 measurements from 90 meters
MetricsWriter: Wrote 100 measurements from 90 meters
MetricsWriter: Wrote 100 measurements from 90 meters
MetricsWriter: Wrote 100 measurements from 90 meters
MetricsWriter: Wrote 100 measurements from 90 meters
MetricsWriter: Wrote 100 measurements from 90 meters
MetricsWriter: Wrote 100 measurements from 90 meters
MetricsWriter: Wrote 100 measurements from 90 meters
MetricsWriter: Wrote 100 measurements from 90 meters
MetricsWriter: Wrote 100 measurements from 90 meters
MetricsWriter: Wrote 100 measurements from 90 meters
MetricsWriter: Wrote 100 measurements from 90 meters
MetricsWriter: Wrote 100 measurements from 90 meters
MetricsWriter: Wrote 100 measurements from 90 meters
MetricsWriter: Wrote 100 measurements from 90 meters
MetricsWriter: Wrote 100 measurements from 90 meters
MetricsWriter: Wrote 100 measurements from 90 meters
MetricsWriter: Wrote 100 measurements from 90 meters
MetricsWriter: Wrote 100 measurements from 90 meters
MetricsWriter: Wrote 100 measurements from 90 meters
MetricsWriter: Wrote 100 measurements from 90 meters
MetricsWriter: Wrote 100 measurements from 90 meters
MetricsWriter: Wrote 100 measurements from 90 meters
MetricsWriter: Wrote 100 measurements from 90 meters
MetricsWriter: Wrote 100 measurements from 90 meters
MetricsWriter: Wrote 100 measurements from 90 meters
MetricsWriter: Wrote 100 measurements from 90 meters
MetricsWriter: Wrote 100 measurements from 90 meters
MetricsWriter: Wrote 100 measurements from 90 meters
MetricsWriter: Wrote 100 measurements from 90 meters
MetricsWriter: Wrote 100 measurements from 90 meters
MetricsWriter: Wrote 100 measurements from 90 meters
MetricsWriter: Wrote 100 measurements from 90 meters
MetricsWriter: Wrote 100 measurements from 90 meters
MetricsWriter: Wrote 100 measurements from 90 meters
MetricsWriter: Wrote 100 measurements from 90 meters
MetricsWriter: Wrote 100 measurements from 90 meters
MetricsWriter: Wrote 100 measurements from 90 meters
MetricsWriter: Wrote 100 measurements from 90 meters
MetricsWriter: Wrote 100 measurements from 90 meters
MetricsWriter: Wrote 100 measurements from 90 meters
MetricsWriter: Wrote 100 measurements from 90 meters
MetricsWriter: Wrote 100 measurements from 90 meters
MetricsWriter: Wrote 100 measurements from 90 meters
MetricsWriter: Wrote 100 measurements from 90 meters
MetricsWriter: Wrote 100 measurements from 90 meters
MetricsWriter: Wrote 100 measurements from 90 meters
MetricsWriter: Wrote 100 measurements from 90 meters
MetricsWriter: Wrote 100 measurements from 90 meters
MetricsWriter: Wrote 100 measurements from 90 meters
MetricsWriter: Wrote 100 measurements from 90 meters
MetricsWriter: Wrote 100 measurements from 90 meters
MetricsWriter: Wrote 100 measurements from 90 meters
MetricsWriter: Wrote 100 measurements from 90 meters
MetricsWriter: Wrote 100 measurements from 90 meters
MetricsWriter: Wrote 100 measurements from 90 meters
MetricsWriter: Wrote 100 measurements from 90 meters
MetricsWriter: Wrote 100 measurements from 90 meters
MetricsWriter: Wrote 100 measurements from 90 meters
MetricsWriter: Wrote 100 measurements from 90 meters
MetricsWriter: Wrote 100 measurements from 90 meters
MetricsWriter: Wrote 100 measurements from 90 meters
MetricsWriter: Wrote 100 measurements from 90 meters
MetricsWriter: Wrote 100 measurements from 90 meters
MetricsWriter: Wrote 100 measurements from 90 meters
MetricsWriter: Wrote 100 measurements from 90 meters
MetricsWriter: Wrote 100 measurements from 90 meters
MetricsWriter: Wrote 100 measurements from 90 meters
MetricsWriter: Wrote 100 measurements from 90 meters
MetricsWriter: Wrote 100 measurements from 90 meters
MetricsWriter: Wrote 100 measurements from 90 meters
MetricsWriter: Wrote 100 measurements from 90 meters
MetricsWriter: Wrote 100 measurements from 90 meters
MetricsWriter: Wrote 100 measurements from 90 meters
MetricsWriter: Wrote 100 measurements from 90 meters
MetricsWriter: Wrote 100 measurements from 90 meters
MetricsWriter: Wrote 100 measurements from 90 meters
MetricsWriter: Wrote 100 measurements from 90 meters
MetricsWriter: Wrote 100 measurements from 90 meters
MetricsWriter: Wrote 100 measurements from 90 meters
MetricsWriter: Wrote 100 measurements from 90 meters
MetricsWriter: Wrote 100 measurements from 90 meters
MetricsWriter: Wrote 100 measurements from 90 meters
MetricsWriter: Wrote 100 measurements from 90 meters
MetricsWriter: Wrote 100 measurements from 90 meters
MetricsWriter: Wrote 100 measurements from 90 meters
MetricsWriter: Wrote 100 measurements from 90 meters
MetricsWriter: Wrote 100 measurements from 90 meters
MetricsWriter: Wrote 100 measurements from 90 meters
MetricsWriter: Wrote 100 measurements from 90 meters
MetricsWriter: Wrote 100 measurements from 90 meters
MetricsWriter: Wrote 100 measurements from 90 meters
MetricsWriter: Wrote 100 measurements from 90 meters
MetricsWriter: Wrote 100 measurements from 90 meters
MetricsWriter: Wrote 100 measurements from 90 meters
2025-11-22T22:40:48.377-08:00  INFO 84884 --- [ntainer#0-0-C-1] org.apache.kafka.clients.NetworkClient   : [Consumer clientId=consumer-cache-evictors-1, groupId=cache-evictors] Node -1 disconnected.
MetricsWriter: Wrote 100 measurements from 90 meters
MetricsWriter: Wrote 100 measurements from 90 meters
MetricsWriter: Wrote 100 measurements from 90 meters
MetricsWriter: Wrote 100 measurements from 90 meters
MetricsWriter: Wrote 100 measurements from 90 meters
MetricsWriter: Wrote 100 measurements from 90 meters
MetricsWriter: Wrote 100 measurements from 90 meters
MetricsWriter: Wrote 100 measurements from 90 meters
MetricsWriter: Wrote 100 measurements from 90 meters
MetricsWriter: Wrote 100 measurements from 90 meters
MetricsWriter: Wrote 100 measurements from 90 meters
MetricsWriter: Wrote 100 measurements from 90 meters
MetricsWriter: Wrote 100 measurements from 90 meters
MetricsWriter: Wrote 100 measurements from 90 meters
MetricsWriter: Wrote 100 measurements from 90 meters
MetricsWriter: Wrote 100 measurements from 90 meters
MetricsWriter: Wrote 100 measurements from 90 meters
MetricsWriter: Wrote 100 measurements from 90 meters
MetricsWriter: Wrote 100 measurements from 90 meters
MetricsWriter: Wrote 100 measurements from 90 meters
MetricsWriter: Wrote 100 measurements from 90 meters
MetricsWriter: Wrote 100 measurements from 90 meters
MetricsWriter: Wrote 100 measurements from 90 meters
MetricsWriter: Wrote 100 measurements from 90 meters
MetricsWriter: Wrote 100 measurements from 90 meters
MetricsWriter: Wrote 100 measurements from 90 meters
MetricsWriter: Wrote 100 measurements from 90 meters
MetricsWriter: Wrote 100 measurements from 90 meters
MetricsWriter: Wrote 100 measurements from 90 meters
MetricsWriter: Wrote 100 measurements from 90 meters
MetricsWriter: Wrote 100 measurements from 90 meters
MetricsWriter: Wrote 100 measurements from 90 meters
MetricsWriter: Wrote 100 measurements from 90 meters
MetricsWriter: Wrote 100 measurements from 90 meters
MetricsWriter: Wrote 100 measurements from 90 meters
MetricsWriter: Wrote 100 measurements from 90 meters
MetricsWriter: Wrote 100 measurements from 90 meters
MetricsWriter: Wrote 100 measurements from 90 meters
MetricsWriter: Wrote 100 measurements from 90 meters
MetricsWriter: Wrote 100 measurements from 90 meters
MetricsWriter: Wrote 100 measurements from 90 meters
MetricsWriter: Wrote 100 measurements from 90 meters
MetricsWriter: Wrote 100 measurements from 90 meters
MetricsWriter: Wrote 100 measurements from 90 meters
MetricsWriter: Wrote 100 measurements from 90 meters
MetricsWriter: Wrote 100 measurements from 90 meters
MetricsWriter: Wrote 100 measurements from 90 meters
MetricsWriter: Wrote 100 measurements from 90 meters
MetricsWriter: Wrote 100 measurements from 90 meters
MetricsWriter: Wrote 100 measurements from 90 meters
MetricsWriter: Wrote 100 measurements from 90 meters
MetricsWriter: Wrote 100 measurements from 90 meters
MetricsWriter: Wrote 100 measurements from 90 meters
MetricsWriter: Wrote 100 measurements from 90 meters
MetricsWriter: Wrote 100 measurements from 90 meters
MetricsWriter: Wrote 100 measurements from 90 meters
MetricsWriter: Wrote 100 measurements from 90 meters
MetricsWriter: Wrote 100 measurements from 90 meters
MetricsWriter: Wrote 100 measurements from 90 meters
MetricsWriter: Wrote 100 measurements from 90 meters
MetricsWriter: Wrote 100 measurements from 90 meters
2025-11-22T22:45:56.616-08:00  INFO 84884 --- [nio-8081-exec-2] o.a.c.c.C.[Tomcat].[localhost].[/]       : Initializing Spring DispatcherServlet 'dispatcherServlet'
2025-11-22T22:45:56.616-08:00  INFO 84884 --- [nio-8081-exec-2] o.s.web.servlet.DispatcherServlet        : Initializing Servlet 'dispatcherServlet'
2025-11-22T22:45:56.617-08:00  INFO 84884 --- [nio-8081-exec-2] o.s.web.servlet.DispatcherServlet        : Completed initialization in 1 ms
MetricsWriter: Wrote 126 measurements from 99 meters
MetricsWriter: Wrote 126 measurements from 99 meters
Cached product 12 with version 1
MetricsWriter: Wrote 165 measurements from 112 meters
MetricsWriter: Wrote 165 measurements from 112 meters
MetricsWriter: Wrote 174 measurements from 115 meters
MetricsWriter: Wrote 174 measurements from 115 meters
MetricsWriter: Wrote 174 measurements from 115 meters
MetricsWriter: Wrote 174 measurements from 115 meters
MetricsWriter: Wrote 174 measurements from 115 meters
MetricsWriter: Wrote 174 measurements from 115 meters
MetricsWriter: Wrote 174 measurements from 115 meters
MetricsWriter: Wrote 174 measurements from 115 meters
MetricsWriter: Wrote 174 measurements from 115 meters
MetricsWriter: Wrote 174 measurements from 115 meters
MetricsWriter: Wrote 174 measurements from 115 meters
MetricsWriter: Wrote 174 measurements from 115 meters
MetricsWriter: Wrote 174 measurements from 115 meters
MetricsWriter: Wrote 174 measurements from 115 meters
MetricsWriter: Wrote 174 measurements from 115 meters
MetricsWriter: Wrote 174 measurements from 115 meters
MetricsWriter: Wrote 174 measurements from 115 meters
MetricsWriter: Wrote 174 measurements from 115 meters
MetricsWriter: Wrote 174 measurements from 115 meters
MetricsWriter: Wrote 174 measurements from 115 meters
MetricsWriter: Wrote 174 measurements from 115 meters
MetricsWriter: Wrote 174 measurements from 115 meters
MetricsWriter: Wrote 174 measurements from 115 meters
MetricsWriter: Wrote 174 measurements from 115 meters
MetricsWriter: Wrote 174 measurements from 115 meters
MetricsWriter: Wrote 174 measurements from 115 meters
MetricsWriter: Wrote 174 measurements from 115 meters
MetricsWriter: Wrote 174 measurements from 115 meters
MetricsWriter: Wrote 174 measurements from 115 meters
MetricsWriter: Wrote 174 measurements from 115 meters
MetricsWriter: Wrote 174 measurements from 115 meters
MetricsWriter: Wrote 174 measurements from 115 meters
MetricsWriter: Wrote 174 measurements from 115 meters
MetricsWriter: Wrote 174 measurements from 115 meters
MetricsWriter: Wrote 174 measurements from 115 meters
MetricsWriter: Wrote 174 measurements from 115 meters
MetricsWriter: Wrote 174 measurements from 115 meters
MetricsWriter: Wrote 174 measurements from 115 meters
MetricsWriter: Wrote 174 measurements from 115 meters
MetricsWriter: Wrote 174 measurements from 115 meters
MetricsWriter: Wrote 174 measurements from 115 meters
MetricsWriter: Wrote 174 measurements from 115 meters
MetricsWriter: Wrote 174 measurements from 115 meters
MetricsWriter: Wrote 174 measurements from 115 meters
MetricsWriter: Wrote 174 measurements from 115 meters
MetricsWriter: Wrote 174 measurements from 115 meters
MetricsWriter: Wrote 174 measurements from 115 meters
MetricsWriter: Wrote 174 measurements from 115 meters
MetricsWriter: Wrote 174 measurements from 115 meters
MetricsWriter: Wrote 174 measurements from 115 meters
MetricsWriter: Wrote 174 measurements from 115 meters
MetricsWriter: Wrote 174 measurements from 115 meters
MetricsWriter: Wrote 174 measurements from 115 meters
MetricsWriter: Wrote 174 measurements from 115 meters
MetricsWriter: Wrote 174 measurements from 115 meters
MetricsWriter: Wrote 174 measurements from 115 meters
MetricsWriter: Wrote 174 measurements from 115 meters
MetricsWriter: Wrote 174 measurements from 115 meters
MetricsWriter: Wrote 174 measurements from 115 meters
MetricsWriter: Wrote 174 measurements from 115 meters
MetricsWriter: Wrote 174 measurements from 115 meters
MetricsWriter: Wrote 174 measurements from 115 meters
MetricsWriter: Wrote 174 measurements from 115 meters
MetricsWriter: Wrote 174 measurements from 115 meters
MetricsWriter: Wrote 174 measurements from 115 meters
MetricsWriter: Wrote 174 measurements from 115 meters
MetricsWriter: Wrote 174 measurements from 115 meters
MetricsWriter: Wrote 174 measurements from 115 meters
MetricsWriter: Wrote 174 measurements from 115 meters
MetricsWriter: Wrote 174 measurements from 115 meters
MetricsWriter: Wrote 174 measurements from 115 meters
MetricsWriter: Wrote 174 measurements from 115 meters
MetricsWriter: Wrote 174 measurements from 115 meters
MetricsWriter: Wrote 174 measurements from 115 meters
MetricsWriter: Wrote 174 measurements from 115 meters
MetricsWriter: Wrote 174 measurements from 115 meters
MetricsWriter: Wrote 174 measurements from 115 meters
MetricsWriter: Wrote 174 measurements from 115 meters
MetricsWriter: Wrote 174 measurements from 115 meters
MetricsWriter: Wrote 174 measurements from 115 meters
MetricsWriter: Wrote 174 measurements from 115 meters
MetricsWriter: Wrote 174 measurements from 115 meters
MetricsWriter: Wrote 174 measurements from 115 meters
MetricsWriter: Wrote 174 measurements from 115 meters
MetricsWriter: Wrote 174 measurements from 115 meters
MetricsWriter: Wrote 174 measurements from 115 meters
MetricsWriter: Wrote 174 measurements from 115 meters
MetricsWriter: Wrote 174 measurements from 115 meters
MetricsWriter: Wrote 174 measurements from 115 meters
MetricsWriter: Wrote 174 measurements from 115 meters
MetricsWriter: Wrote 174 measurements from 115 meters
MetricsWriter: Wrote 174 measurements from 115 meters
MetricsWriter: Wrote 174 measurements from 115 meters
MetricsWriter: Wrote 174 measurements from 115 meters
MetricsWriter: Wrote 174 measurements from 115 meters
=== CREATE REQUEST RECEIVED ===
Request object: com.eds.catalog.model.ProductCreateRequest@1c646e4a
2025-11-22T22:54:08.934-08:00  INFO 84884 --- [io-8081-exec-10] o.a.k.clients.producer.ProducerConfig    : ProducerConfig values: 
	acks = -1
	auto.include.jmx.reporter = true
	batch.size = 16384
	bootstrap.servers = [PLAINTEXT://localhost:9092]
	buffer.memory = 33554432
	client.dns.lookup = use_all_dns_ips
	client.id = producer-1
	compression.type = none
	connections.max.idle.ms = 540000
	delivery.timeout.ms = 120000
	enable.idempotence = true
	interceptor.classes = []
	key.serializer = class org.apache.kafka.common.serialization.StringSerializer
	linger.ms = 0
	max.block.ms = 60000
	max.in.flight.requests.per.connection = 5
	max.request.size = 1048576
	metadata.max.age.ms = 300000
	metadata.max.idle.ms = 300000
	metric.reporters = []
	metrics.num.samples = 2
	metrics.recording.level = INFO
	metrics.sample.window.ms = 30000
	partitioner.adaptive.partitioning.enable = true
	partitioner.availability.timeout.ms = 0
	partitioner.class = null
	partitioner.ignore.keys = false
	receive.buffer.bytes = 32768
	reconnect.backoff.max.ms = 1000
	reconnect.backoff.ms = 50
	request.timeout.ms = 30000
	retries = 3
	retry.backoff.ms = 100
	sasl.client.callback.handler.class = null
	sasl.jaas.config = null
	sasl.kerberos.kinit.cmd = /usr/bin/kinit
	sasl.kerberos.min.time.before.relogin = 60000
	sasl.kerberos.service.name = null
	sasl.kerberos.ticket.renew.jitter = 0.05
	sasl.kerberos.ticket.renew.window.factor = 0.8
	sasl.login.callback.handler.class = null
	sasl.login.class = null
	sasl.login.connect.timeout.ms = null
	sasl.login.read.timeout.ms = null
	sasl.login.refresh.buffer.seconds = 300
	sasl.login.refresh.min.period.seconds = 60
	sasl.login.refresh.window.factor = 0.8
	sasl.login.refresh.window.jitter = 0.05
	sasl.login.retry.backoff.max.ms = 10000
	sasl.login.retry.backoff.ms = 100
	sasl.mechanism = GSSAPI
	sasl.oauthbearer.clock.skew.seconds = 30
	sasl.oauthbearer.expected.audience = null
	sasl.oauthbearer.expected.issuer = null
	sasl.oauthbearer.jwks.endpoint.refresh.ms = 3600000
	sasl.oauthbearer.jwks.endpoint.retry.backoff.max.ms = 10000
	sasl.oauthbearer.jwks.endpoint.retry.backoff.ms = 100
	sasl.oauthbearer.jwks.endpoint.url = null
	sasl.oauthbearer.scope.claim.name = scope
	sasl.oauthbearer.sub.claim.name = sub
	sasl.oauthbearer.token.endpoint.url = null
	security.protocol = PLAINTEXT
	security.providers = null
	send.buffer.bytes = 131072
	socket.connection.setup.timeout.max.ms = 30000
	socket.connection.setup.timeout.ms = 10000
	ssl.cipher.suites = null
	ssl.enabled.protocols = [TLSv1.2, TLSv1.3]
	ssl.endpoint.identification.algorithm = https
	ssl.engine.factory.class = null
	ssl.key.password = null
	ssl.keymanager.algorithm = SunX509
	ssl.keystore.certificate.chain = null
	ssl.keystore.key = null
	ssl.keystore.location = null
	ssl.keystore.password = null
	ssl.keystore.type = JKS
	ssl.protocol = TLSv1.3
	ssl.provider = null
	ssl.secure.random.implementation = null
	ssl.trustmanager.algorithm = PKIX
	ssl.truststore.certificates = null
	ssl.truststore.location = null
	ssl.truststore.password = null
	ssl.truststore.type = JKS
	transaction.timeout.ms = 60000
	transactional.id = null
	value.serializer = class org.springframework.kafka.support.serializer.JsonSerializer

2025-11-22T22:54:08.938-08:00  INFO 84884 --- [io-8081-exec-10] o.a.k.clients.producer.KafkaProducer     : [Producer clientId=producer-1] Instantiated an idempotent producer.
2025-11-22T22:54:08.943-08:00  INFO 84884 --- [io-8081-exec-10] o.a.kafka.common.utils.AppInfoParser     : Kafka version: 3.6.0
2025-11-22T22:54:08.943-08:00  INFO 84884 --- [io-8081-exec-10] o.a.kafka.common.utils.AppInfoParser     : Kafka commitId: 60e845626d8a465a
2025-11-22T22:54:08.943-08:00  INFO 84884 --- [io-8081-exec-10] o.a.kafka.common.utils.AppInfoParser     : Kafka startTimeMs: 1763880848943
2025-11-22T22:54:08.946-08:00  INFO 84884 --- [ad | producer-1] org.apache.kafka.clients.Metadata        : [Producer clientId=producer-1] Cluster ID: h2XtV5KjSnuBm92b3NYa3A
Create successful! Product ID: 6922af903fc6672309fb6fd0
2025-11-22T22:54:09.054-08:00  INFO 84884 --- [ad | producer-1] o.a.k.c.p.internals.TransactionManager   : [Producer clientId=producer-1] ProducerId set to 6000 with epoch 0
Inconsistency window: 159ms
MetricsWriter: Wrote 191 measurements from 121 meters
Cached product 6922af903fc6672309fb6fd0 with version 0
MetricsWriter: Wrote 191 measurements from 121 meters
MetricsWriter: Wrote 191 measurements from 121 meters
=== ADD REVIEW REQUEST ===
Product ID: 6922af903fc6672309fb6fd0
User ID: admin@marketplace.com
Rating: 5
Comment: 
Published cache invalidation event for product 6922af903fc6672309fb6fd0 due to rating update
Updated product 6922af903fc6672309fb6fd0 rating to 5.0 based on 1 reviews. Cache evicted.
Review added successfully: 6922afa03fc6672309fb6fd1
Inconsistency window: 33ms
Cached product 6922af903fc6672309fb6fd0 with version 1
MetricsWriter: Wrote 209 measurements from 127 meters
MetricsWriter: Wrote 209 measurements from 127 meters
MetricsWriter: Wrote 209 measurements from 127 meters
MetricsWriter: Wrote 209 measurements from 127 meters
MetricsWriter: Wrote 209 measurements from 127 meters
MetricsWriter: Wrote 209 measurements from 127 meters
MetricsWriter: Wrote 209 measurements from 127 meters
MetricsWriter: Wrote 209 measurements from 127 meters
=== ADD REVIEW REQUEST ===
Product ID: 6922af903fc6672309fb6fd0
User ID: rahul@email.com
Rating: 4
Comment: 
Published cache invalidation event for product 6922af903fc6672309fb6fd0 due to rating update
Updated product 6922af903fc6672309fb6fd0 rating to 4.5 based on 2 reviews. Cache evicted.
Review added successfully: 6922afc83fc6672309fb6fd2
Inconsistency window: 5ms
Cached product 6922af903fc6672309fb6fd0 with version 2
MetricsWriter: Wrote 209 measurements from 127 meters
MetricsWriter: Wrote 209 measurements from 127 meters
Cached product 11 with version 1
MetricsWriter: Wrote 209 measurements from 127 meters
MetricsWriter: Wrote 209 measurements from 127 meters
Cached product 1 with version 1
=== UPDATE REQUEST RECEIVED ===
Product ID: 1
Request object: com.eds.catalog.model.ProductUpdateRequest@81c78d9
Request is null: false
Price: 2509.00
Stock: 20
Name: null
Cache cleared for product 1 on attempt 1
Attempt 1: Fetched from DB - Version: 1, Price: 2499.00, Stock: 15
Attempt 1: Trying to save - Current version: 1 (Spring will auto-increment)
Attempt 1: Save successful! Saved version: 2
Update successful on attempt 1! New version: 2
Inconsistency window: 8ms
Update successful! Product version: 2
MetricsWriter: Wrote 212 measurements from 128 meters
Cached product 1 with version 2
MetricsWriter: Wrote 212 measurements from 128 meters
MetricsWriter: Wrote 212 measurements from 128 meters
MetricsWriter: Wrote 212 measurements from 128 meters
MetricsWriter: Wrote 212 measurements from 128 meters
MetricsWriter: Wrote 212 measurements from 128 meters
MetricsWriter: Wrote 212 measurements from 128 meters
MetricsWriter: Wrote 212 measurements from 128 meters
MetricsWriter: Wrote 212 measurements from 128 meters
MetricsWriter: Wrote 212 measurements from 128 meters
MetricsWriter: Wrote 212 measurements from 128 meters
MetricsWriter: Wrote 212 measurements from 128 meters
MetricsWriter: Wrote 212 measurements from 128 meters
MetricsWriter: Wrote 212 measurements from 128 meters
MetricsWriter: Wrote 212 measurements from 128 meters
MetricsWriter: Wrote 212 measurements from 128 meters
MetricsWriter: Wrote 212 measurements from 128 meters
MetricsWriter: Wrote 212 measurements from 128 meters
MetricsWriter: Wrote 212 measurements from 128 meters
MetricsWriter: Wrote 212 measurements from 128 meters
MetricsWriter: Wrote 212 measurements from 128 meters
MetricsWriter: Wrote 212 measurements from 128 meters
MetricsWriter: Wrote 212 measurements from 128 meters
MetricsWriter: Wrote 212 measurements from 128 meters
MetricsWriter: Wrote 212 measurements from 128 meters
MetricsWriter: Wrote 212 measurements from 128 meters
MetricsWriter: Wrote 212 measurements from 128 meters
MetricsWriter: Wrote 212 measurements from 128 meters
MetricsWriter: Wrote 212 measurements from 128 meters
MetricsWriter: Wrote 212 measurements from 128 meters
MetricsWriter: Wrote 212 measurements from 128 meters
MetricsWriter: Wrote 212 measurements from 128 meters
MetricsWriter: Wrote 212 measurements from 128 meters
MetricsWriter: Wrote 212 measurements from 128 meters
MetricsWriter: Wrote 212 measurements from 128 meters
MetricsWriter: Wrote 212 measurements from 128 meters
MetricsWriter: Wrote 212 measurements from 128 meters
MetricsWriter: Wrote 212 measurements from 128 meters
MetricsWriter: Wrote 212 measurements from 128 meters
MetricsWriter: Wrote 212 measurements from 128 meters
MetricsWriter: Wrote 212 measurements from 128 meters
MetricsWriter: Wrote 212 measurements from 128 meters
MetricsWriter: Wrote 212 measurements from 128 meters
MetricsWriter: Wrote 212 measurements from 128 meters
=== UPDATE REQUEST RECEIVED ===
Product ID: 1
Request object: com.eds.catalog.model.ProductUpdateRequest@78d003d8
Request is null: false
Price: 2519.00
Stock: 25
Name: null
Cache cleared for product 1 on attempt 1
Attempt 1: Fetched from DB - Version: 2, Price: 2509.00, Stock: 20
Attempt 1: Trying to save - Current version: 2 (Spring will auto-increment)
Attempt 1: Save successful! Saved version: 3
Update successful on attempt 1! New version: 3
Update successful! Product version: 3
Inconsistency window: 12ms
Cached product 1 with version 3
MetricsWriter: Wrote 212 measurements from 128 meters
MetricsWriter: Wrote 212 measurements from 128 meters
MetricsWriter: Wrote 212 measurements from 128 meters
MetricsWriter: Wrote 212 measurements from 128 meters
MetricsWriter: Wrote 212 measurements from 128 meters
MetricsWriter: Wrote 212 measurements from 128 meters
MetricsWriter: Wrote 212 measurements from 128 meters
MetricsWriter: Wrote 212 measurements from 128 meters
MetricsWriter: Wrote 212 measurements from 128 meters
=== UPDATE REQUEST RECEIVED ===
Product ID: 1
Request object: com.eds.catalog.model.ProductUpdateRequest@3d8c363c
Request is null: false
Price: 2529.00
Stock: 30
Name: null
Cache cleared for product 1 on attempt 1
Attempt 1: Fetched from DB - Version: 3, Price: 2519.00, Stock: 25
Attempt 1: Trying to save - Current version: 3 (Spring will auto-increment)
Attempt 1: Save successful! Saved version: 4
Update successful on attempt 1! New version: 4
Update successful! Product version: 4
Inconsistency window: 9ms
Cached product 1 with version 4
MetricsWriter: Wrote 212 measurements from 128 meters
MetricsWriter: Wrote 212 measurements from 128 meters
=== UPDATE REQUEST RECEIVED ===
Product ID: 1
Request object: com.eds.catalog.model.ProductUpdateRequest@7f82591c
Request is null: false
Price: 2539.00
Stock: 35
Name: null
Cache cleared for product 1 on attempt 1
Attempt 1: Fetched from DB - Version: 4, Price: 2529.00, Stock: 30
Attempt 1: Trying to save - Current version: 4 (Spring will auto-increment)
Attempt 1: Save successful! Saved version: 5
Update successful on attempt 1! New version: 5
Update successful! Product version: 5
Inconsistency window: 7ms
Cached product 1 with version 5
MetricsWriter: Wrote 212 measurements from 128 meters
MetricsWriter: Wrote 212 measurements from 128 meters
MetricsWriter: Wrote 212 measurements from 128 meters
MetricsWriter: Wrote 212 measurements from 128 meters
=== UPDATE REQUEST RECEIVED ===
Product ID: 1
Request object: com.eds.catalog.model.ProductUpdateRequest@330ce458
Request is null: false
Price: 2549.00
Stock: 40
Name: null
Cache cleared for product 1 on attempt 1
Attempt 1: Fetched from DB - Version: 5, Price: 2539.00, Stock: 35
Attempt 1: Trying to save - Current version: 5 (Spring will auto-increment)
Attempt 1: Save successful! Saved version: 6
Update successful on attempt 1! New version: 6
Update successful! Product version: 6
Inconsistency window: 8ms
MetricsWriter: Wrote 212 measurements from 128 meters
Cached product 1 with version 6
MetricsWriter: Wrote 212 measurements from 128 meters
MetricsWriter: Wrote 212 measurements from 128 meters
MetricsWriter: Wrote 212 measurements from 128 meters
=== UPDATE REQUEST RECEIVED ===
Product ID: 1
Request object: com.eds.catalog.model.ProductUpdateRequest@5fca183a
Request is null: false
Price: 2559.00
Stock: 45
Name: null
Cache cleared for product 1 on attempt 1
Attempt 1: Fetched from DB - Version: 6, Price: 2549.00, Stock: 40
Attempt 1: Trying to save - Current version: 6 (Spring will auto-increment)
Attempt 1: Save successful! Saved version: 7
Update successful on attempt 1! New version: 7
Update successful! Product version: 7
Inconsistency window: 8ms
Cached product 1 with version 7
MetricsWriter: Wrote 212 measurements from 128 meters
MetricsWriter: Wrote 212 measurements from 128 meters
MetricsWriter: Wrote 212 measurements from 128 meters
=== UPDATE REQUEST RECEIVED ===
Product ID: 1
Request object: com.eds.catalog.model.ProductUpdateRequest@11d1029d
Request is null: false
Price: 2569.00
Stock: 50
Name: null
Cache cleared for product 1 on attempt 1
Attempt 1: Fetched from DB - Version: 7, Price: 2559.00, Stock: 45
Attempt 1: Trying to save - Current version: 7 (Spring will auto-increment)
Attempt 1: Save successful! Saved version: 8
Update successful on attempt 1! New version: 8
Update successful! Product version: 8
Inconsistency window: 8ms
MetricsWriter: Wrote 212 measurements from 128 meters
Cached product 1 with version 8
MetricsWriter: Wrote 212 measurements from 128 meters
MetricsWriter: Wrote 212 measurements from 128 meters
MetricsWriter: Wrote 212 measurements from 128 meters
MetricsWriter: Wrote 212 measurements from 128 meters
=== UPDATE REQUEST RECEIVED ===
Product ID: 1
Request object: com.eds.catalog.model.ProductUpdateRequest@6b99fb7a
Request is null: false
Price: 2579.00
Stock: 55
Name: null
Cache cleared for product 1 on attempt 1
Attempt 1: Fetched from DB - Version: 8, Price: 2569.00, Stock: 50
Attempt 1: Trying to save - Current version: 8 (Spring will auto-increment)
Attempt 1: Save successful! Saved version: 9
Update successful on attempt 1! New version: 9
Update successful! Product version: 9
Inconsistency window: 13ms
Cached product 1 with version 9
MetricsWriter: Wrote 212 measurements from 128 meters
=== UPDATE REQUEST RECEIVED ===
Product ID: 1
Request object: com.eds.catalog.model.ProductUpdateRequest@461ec159
Request is null: false
Price: 2589.00
Stock: 60
Name: null
Cache cleared for product 1 on attempt 1
Attempt 1: Fetched from DB - Version: 9, Price: 2579.00, Stock: 55
Attempt 1: Trying to save - Current version: 9 (Spring will auto-increment)
Attempt 1: Save successful! Saved version: 10
Update successful on attempt 1! New version: 10
Update successful! Product version: 10
Inconsistency window: 5ms
Cached product 1 with version 10
MetricsWriter: Wrote 212 measurements from 128 meters
=== UPDATE REQUEST RECEIVED ===
Product ID: 1
Request object: com.eds.catalog.model.ProductUpdateRequest@54ddbfc4
Request is null: false
Price: 2599.00
Stock: 65
Name: null
Cache cleared for product 1 on attempt 1
Attempt 1: Fetched from DB - Version: 10, Price: 2589.00, Stock: 60
Attempt 1: Trying to save - Current version: 10 (Spring will auto-increment)
Attempt 1: Save successful! Saved version: 11
Update successful on attempt 1! New version: 11
Update successful! Product version: 11
Inconsistency window: 10ms
Cached product 1 with version 11
MetricsWriter: Wrote 212 measurements from 128 meters
MetricsWriter: Wrote 212 measurements from 128 meters
MetricsWriter: Wrote 212 measurements from 128 meters
MetricsWriter: Wrote 212 measurements from 128 meters
=== UPDATE REQUEST RECEIVED ===
Product ID: 1
Request object: com.eds.catalog.model.ProductUpdateRequest@f96354d
Request is null: false
Price: 2609.00
Stock: 70
Name: null
Cache cleared for product 1 on attempt 1
Attempt 1: Fetched from DB - Version: 11, Price: 2599.00, Stock: 65
Attempt 1: Trying to save - Current version: 11 (Spring will auto-increment)
Attempt 1: Save successful! Saved version: 12
Update successful on attempt 1! New version: 12
Update successful! Product version: 12
Inconsistency window: 8ms
Cached product 1 with version 12
MetricsWriter: Wrote 212 measurements from 128 meters
MetricsWriter: Wrote 212 measurements from 128 meters
MetricsWriter: Wrote 212 measurements from 128 meters
MetricsWriter: Wrote 212 measurements from 128 meters
MetricsWriter: Wrote 212 measurements from 128 meters
MetricsWriter: Wrote 212 measurements from 128 meters
=== UPDATE REQUEST RECEIVED ===
Product ID: 1
Request object: com.eds.catalog.model.ProductUpdateRequest@44bcec8b
Request is null: false
Price: 2619.00
Stock: 75
Name: null
Cache cleared for product 1 on attempt 1
Attempt 1: Fetched from DB - Version: 12, Price: 2609.00, Stock: 70
Attempt 1: Trying to save - Current version: 12 (Spring will auto-increment)
Attempt 1: Save successful! Saved version: 13
Update successful on attempt 1! New version: 13
Update successful! Product version: 13
Inconsistency window: 30ms
MetricsWriter: Wrote 212 measurements from 128 meters
Cached product 1 with version 13
MetricsWriter: Wrote 212 measurements from 128 meters
MetricsWriter: Wrote 212 measurements from 128 meters
MetricsWriter: Wrote 212 measurements from 128 meters
MetricsWriter: Wrote 212 measurements from 128 meters
=== UPDATE REQUEST RECEIVED ===
Product ID: 1
Request object: com.eds.catalog.model.ProductUpdateRequest@4b057979
Request is null: false
Price: 2629.00
Stock: 80
Name: null
Cache cleared for product 1 on attempt 1
Attempt 1: Fetched from DB - Version: 13, Price: 2619.00, Stock: 75
Attempt 1: Trying to save - Current version: 13 (Spring will auto-increment)
Attempt 1: Save successful! Saved version: 14
Update successful on attempt 1! New version: 14
Update successful! Product version: 14
Inconsistency window: 11ms
Cached product 1 with version 14
MetricsWriter: Wrote 212 measurements from 128 meters
=== UPDATE REQUEST RECEIVED ===
Product ID: 1
Request object: com.eds.catalog.model.ProductUpdateRequest@1be991c5
Request is null: false
Price: 2639.00
Stock: 85
Name: null
Cache cleared for product 1 on attempt 1
Attempt 1: Fetched from DB - Version: 14, Price: 2629.00, Stock: 80
Attempt 1: Trying to save - Current version: 14 (Spring will auto-increment)
Attempt 1: Save successful! Saved version: 15
Update successful on attempt 1! New version: 15
Update successful! Product version: 15
Inconsistency window: 8ms
MetricsWriter: Wrote 212 measurements from 128 meters
Cached product 1 with version 15
MetricsWriter: Wrote 212 measurements from 128 meters
MetricsWriter: Wrote 212 measurements from 128 meters
MetricsWriter: Wrote 212 measurements from 128 meters
MetricsWriter: Wrote 212 measurements from 128 meters
=== UPDATE REQUEST RECEIVED ===
Product ID: 1
Request object: com.eds.catalog.model.ProductUpdateRequest@5119bb7b
Request is null: false
Price: 2649.00
Stock: 90
Name: null
Cache cleared for product 1 on attempt 1
Attempt 1: Fetched from DB - Version: 15, Price: 2639.00, Stock: 85
Attempt 1: Trying to save - Current version: 15 (Spring will auto-increment)
Attempt 1: Save successful! Saved version: 16
Update successful on attempt 1! New version: 16
2025-11-22T23:03:12.523-08:00  INFO 84884 --- [ad | producer-1] org.apache.kafka.clients.NetworkClient   : [Producer clientId=producer-1] Node -1 disconnected.
Update successful! Product version: 16
Inconsistency window: 12ms
Cached product 1 with version 16
MetricsWriter: Wrote 212 measurements from 128 meters
=== UPDATE REQUEST RECEIVED ===
Product ID: 1
Request object: com.eds.catalog.model.ProductUpdateRequest@1f91e089
Request is null: false
Price: 2659.00
Stock: 95
Name: null
Cache cleared for product 1 on attempt 1
Attempt 1: Fetched from DB - Version: 16, Price: 2649.00, Stock: 90
Attempt 1: Trying to save - Current version: 16 (Spring will auto-increment)
Attempt 1: Save successful! Saved version: 17
Update successful on attempt 1! New version: 17
Update successful! Product version: 17
Inconsistency window: 7ms
MetricsWriter: Wrote 212 measurements from 128 meters
Cached product 1 with version 17
MetricsWriter: Wrote 212 measurements from 128 meters
MetricsWriter: Wrote 212 measurements from 128 meters
MetricsWriter: Wrote 212 measurements from 128 meters
MetricsWriter: Wrote 212 measurements from 128 meters
MetricsWriter: Wrote 212 measurements from 128 meters
MetricsWriter: Wrote 212 measurements from 128 meters
MetricsWriter: Wrote 212 measurements from 128 meters
MetricsWriter: Wrote 212 measurements from 128 meters
MetricsWriter: Wrote 212 measurements from 128 meters
MetricsWriter: Wrote 212 measurements from 128 meters
MetricsWriter: Wrote 212 measurements from 128 meters
MetricsWriter: Wrote 212 measurements from 128 meters
MetricsWriter: Wrote 212 measurements from 128 meters
MetricsWriter: Wrote 212 measurements from 128 meters
MetricsWriter: Wrote 212 measurements from 128 meters
MetricsWriter: Wrote 212 measurements from 128 meters
MetricsWriter: Wrote 212 measurements from 128 meters
MetricsWriter: Wrote 212 measurements from 128 meters
MetricsWriter: Wrote 212 measurements from 128 meters
MetricsWriter: Wrote 212 measurements from 128 meters
MetricsWriter: Wrote 212 measurements from 128 meters
MetricsWriter: Wrote 212 measurements from 128 meters
MetricsWriter: Wrote 212 measurements from 128 meters
MetricsWriter: Wrote 212 measurements from 128 meters
MetricsWriter: Wrote 212 measurements from 128 meters
MetricsWriter: Wrote 212 measurements from 128 meters
MetricsWriter: Wrote 212 measurements from 128 meters
MetricsWriter: Wrote 212 measurements from 128 meters
MetricsWriter: Wrote 212 measurements from 128 meters
MetricsWriter: Wrote 212 measurements from 128 meters
MetricsWriter: Wrote 212 measurements from 128 meters
MetricsWriter: Wrote 212 measurements from 128 meters
MetricsWriter: Wrote 212 measurements from 128 meters
MetricsWriter: Wrote 212 measurements from 128 meters
MetricsWriter: Wrote 212 measurements from 128 meters
MetricsWriter: Wrote 212 measurements from 128 meters
MetricsWriter: Wrote 212 measurements from 128 meters
MetricsWriter: Wrote 212 measurements from 128 meters
MetricsWriter: Wrote 212 measurements from 128 meters
MetricsWriter: Wrote 212 measurements from 128 meters
MetricsWriter: Wrote 212 measurements from 128 meters
MetricsWriter: Wrote 212 measurements from 128 meters
MetricsWriter: Wrote 212 measurements from 128 meters
MetricsWriter: Wrote 212 measurements from 128 meters
MetricsWriter: Wrote 212 measurements from 128 meters
MetricsWriter: Wrote 212 measurements from 128 meters
MetricsWriter: Wrote 212 measurements from 128 meters
