
> marketplace-ui@1.0.0 start
> react-scripts start

(node:85011) [DEP0176] DeprecationWarning: fs.F_OK is deprecated, use fs.constants.F_OK instead
(Use `node --trace-deprecation ...` to show where the warning was created)
(node:85011) [DEP_WEBPACK_DEV_SERVER_ON_AFTER_SETUP_MIDDLEWARE] DeprecationWarning: 'onAfterSetupMiddleware' option is deprecated. Please use the 'setupMiddlewares' option.
(node:85011) [DEP_WEBPACK_DEV_SERVER_ON_BEFORE_SETUP_MIDDLEWARE] DeprecationWarning: 'onBeforeSetupMiddleware' option is deprecated. Please use the 'setupMiddlewares' option.
Starting the development server...

Compiled successfully!

You can now view marketplace-ui in the browser.

  Local:            http://localhost:3000
  On Your Network:  http://10.0.0.167:3000

Note that the development build is not optimized.
To create a production build, use npm run build.

webpack compiled successfully
(node:85011) [DEP0060] DeprecationWarning: The `util._extend` API is deprecated. Please use Object.assign() instead.
Compiling...
Compiled successfully!
webpack compiled successfully
Compiling...
Compiled successfully!
webpack compiled successfully
Compiling...
Compiled successfully!
webpack compiled successfully
Compiling...
Compiled successfully!
webpack compiled successfully
Compiling...
Compiled successfully!
webpack compiled successfully
Compiling...
Compiled successfully!
webpack compiled successfully
Compiling...
Compiled with warnings.

[eslint] 
src/pages/OrderHistory.js
  Line 23:6:  React Hook useEffect has a missing dependency: 'fetchOrders'. Either include it or remove the dependency array  react-hooks/exhaustive-deps

Search for the keywords to learn more about each warning.
To ignore, add // eslint-disable-next-line to the line before.

WARNING in [eslint] 
src/pages/OrderHistory.js
  Line 23:6:  React Hook useEffect has a missing dependency: 'fetchOrders'. Either include it or remove the dependency array  react-hooks/exhaustive-deps

webpack compiled with 1 warning
Compiling...
Compiled with warnings.

[eslint] 
src/pages/OrderHistory.js
  Line 23:6:  React Hook useEffect has a missing dependency: 'fetchOrders'. Either include it or remove the dependency array  react-hooks/exhaustive-deps

Search for the keywords to learn more about each warning.
To ignore, add // eslint-disable-next-line to the line before.

WARNING in [eslint] 
src/pages/OrderHistory.js
  Line 23:6:  React Hook useEffect has a missing dependency: 'fetchOrders'. Either include it or remove the dependency array  react-hooks/exhaustive-deps

webpack compiled with 1 warning
Compiling...
Compiled with warnings.

[eslint] 
src/pages/CacheDemo.js
  Line 26:23:  'setTestProduct' is assigned a value but never used  no-unused-vars

src/pages/OrderHistory.js
  Line 23:6:  React Hook useEffect has a missing dependency: 'fetchOrders'. Either include it or remove the dependency array  react-hooks/exhaustive-deps

Search for the keywords to learn more about each warning.
To ignore, add // eslint-disable-next-line to the line before.

WARNING in [eslint] 
src/pages/CacheDemo.js
  Line 26:23:  'setTestProduct' is assigned a value but never used  no-unused-vars

src/pages/OrderHistory.js
  Line 23:6:  React Hook useEffect has a missing dependency: 'fetchOrders'. Either include it or remove the dependency array  react-hooks/exhaustive-deps

webpack compiled with 1 warning
Compiling...
Compiled with warnings.

[eslint] 
src/pages/OrderHistory.js
  Line 23:6:  React Hook useEffect has a missing dependency: 'fetchOrders'. Either include it or remove the dependency array  react-hooks/exhaustive-deps

Search for the keywords to learn more about each warning.
To ignore, add // eslint-disable-next-line to the line before.

WARNING in [eslint] 
src/pages/OrderHistory.js
  Line 23:6:  React Hook useEffect has a missing dependency: 'fetchOrders'. Either include it or remove the dependency array  react-hooks/exhaustive-deps

webpack compiled with 1 warning
Compiling...
Compiled with warnings.

[eslint] 
src/pages/OrderHistory.js
  Line 23:6:  React Hook useEffect has a missing dependency: 'fetchOrders'. Either include it or remove the dependency array  react-hooks/exhaustive-deps

Search for the keywords to learn more about each warning.
To ignore, add // eslint-disable-next-line to the line before.

WARNING in [eslint] 
src/pages/OrderHistory.js
  Line 23:6:  React Hook useEffect has a missing dependency: 'fetchOrders'. Either include it or remove the dependency array  react-hooks/exhaustive-deps

webpack compiled with 1 warning
